<?xml version="1.0" encoding="UTF-8"?>
<Site BuildName="Linux-clang++"
	BuildStamp="20251214-1036-Experimental"
	Name="yang"
	Generator="ctest-3.28.3"
	CompilerName="/usr/bin/clang++"
	CompilerVersion="18.1.3"
	OSName="Linux"
	Hostname="yang"
	OSRelease="5.15.153.1-microsoft-standard-WSL2"
	OSVersion="#1 SMP Fri Mar 29 23:14:13 UTC 2024"
	OSPlatform="x86_64"
	Is64Bits="1"
	VendorString="GenuineIntel"
	VendorID="Intel Corporation"
	FamilyID="6"
	ModelID="186"
	ProcessorCacheSize="18432"
	NumberOfLogicalCPU="16"
	NumberOfPhysicalCPU="8"
	TotalVirtualMemory="2048"
	TotalPhysicalMemory="7840"
	LogicalProcessorsPerPhysical="2"
	ProcessorClockFrequency="3187.2"
	>
	<Testing>
		<StartDateTime>Dec 14 19:11 CST</StartDateTime>
		<StartTestTime>1765710678</StartTestTime>
		<TestList/>
		<EndDateTime>Dec 14 19:11 CST</EndDateTime>
		<EndTestTime>1765710678</EndTestTime>
		<ElapsedMinutes>0</ElapsedMinutes>
	</Testing>
</Site>
